2026-02-06 11:44:59,602 [INFO] org.study.SpringStarter.SpringStarterApplication [restartedMain] Starting SpringStarterApplication using Java 25.0.2 with PID 8697 (/Users/adityagupta/Downloads/D_/dev-spring-boot/Adding template to spring boot/target/classes started by adityagupta in /Users/adityagupta/Downloads/D_/dev-spring-boot/Adding template to spring boot)
2026-02-06 11:44:59,604 [DEBUG] org.study.SpringStarter.SpringStarterApplication [restartedMain] Running with Spring Boot v3.5.4, Spring v6.2.9
2026-02-06 11:44:59,604 [INFO] org.study.SpringStarter.SpringStarterApplication [restartedMain] No active profile set, falling back to 1 default profile: "default"
2026-02-06 11:44:59,620 [INFO] org.springframework.boot.devtools.env.DevToolsPropertyDefaultsPostProcessor [restartedMain] Devtools property defaults active! Set 'spring.devtools.add-properties' to 'false' to disable
2026-02-06 11:44:59,620 [INFO] org.springframework.boot.devtools.env.DevToolsPropertyDefaultsPostProcessor [restartedMain] For additional web related logging consider setting the 'logging.level.web' property to 'DEBUG'
2026-02-06 11:44:59,951 [INFO] org.springframework.data.repository.config.RepositoryConfigurationDelegate [restartedMain] Bootstrapping Spring Data JPA repositories in DEFAULT mode.
2026-02-06 11:44:59,969 [INFO] org.springframework.data.repository.config.RepositoryConfigurationDelegate [restartedMain] Finished Spring Data repository scanning in 15 ms. Found 3 JPA repository interfaces.
2026-02-06 11:45:00,155 [INFO] org.springframework.boot.web.embedded.tomcat.TomcatWebServer [restartedMain] Tomcat initialized with port 8080 (http)
2026-02-06 11:45:00,159 [INFO] org.apache.catalina.core.StandardService [restartedMain] Starting service [Tomcat]
2026-02-06 11:45:00,160 [INFO] org.apache.catalina.core.StandardEngine [restartedMain] Starting Servlet engine: [Apache Tomcat/10.1.43]
2026-02-06 11:45:00,175 [INFO] org.apache.catalina.core.ContainerBase.[Tomcat].[localhost].[/] [restartedMain] Initializing Spring embedded WebApplicationContext
2026-02-06 11:45:00,175 [INFO] org.springframework.boot.web.servlet.context.ServletWebServerApplicationContext [restartedMain] Root WebApplicationContext: initialization completed in 555 ms
2026-02-06 11:45:00,272 [INFO] org.hibernate.jpa.internal.util.LogHelper [restartedMain] HHH000204: Processing PersistenceUnitInfo [name: default]
2026-02-06 11:45:00,289 [INFO] org.hibernate.Version [restartedMain] HHH000412: Hibernate ORM core version 6.6.22.Final
2026-02-06 11:45:00,297 [INFO] org.hibernate.cache.internal.RegionFactoryInitiator [restartedMain] HHH000026: Second-level cache disabled
2026-02-06 11:45:00,379 [INFO] org.springframework.orm.jpa.persistenceunit.SpringPersistenceUnitInfo [restartedMain] No LoadTimeWeaver setup: ignoring JPA class transformer
2026-02-06 11:45:00,391 [INFO] com.zaxxer.hikari.HikariDataSource [restartedMain] HikariPool-1 - Starting...
2026-02-06 11:45:00,478 [INFO] com.zaxxer.hikari.pool.HikariPool [restartedMain] HikariPool-1 - Added connection conn0: url=jdbc:h2:file:./db/blogdb user=ADMIN
2026-02-06 11:45:00,479 [INFO] com.zaxxer.hikari.HikariDataSource [restartedMain] HikariPool-1 - Start completed.
2026-02-06 11:45:00,486 [WARN] org.hibernate.orm.deprecation [restartedMain] HHH90000025: H2Dialect does not need to be specified explicitly using 'hibernate.dialect' (remove the property setting and it will be selected by default)
2026-02-06 11:45:00,492 [INFO] org.hibernate.orm.connections.pooling [restartedMain] HHH10001005: Database info:
	Database JDBC URL [Connecting through datasource 'HikariDataSource (HikariPool-1)']
	Database driver: undefined/unknown
	Database version: 2.3.232
	Autocommit mode: undefined/unknown
	Isolation level: undefined/unknown
	Minimum pool size: undefined/unknown
	Maximum pool size: undefined/unknown
2026-02-06 11:45:00,797 [INFO] org.hibernate.engine.transaction.jta.platform.internal.JtaPlatformInitiator [restartedMain] HHH000489: No JTA platform available (set 'hibernate.transaction.jta.platform' to enable JTA platform integration)
2026-02-06 11:45:00,807 [INFO] org.springframework.orm.jpa.LocalContainerEntityManagerFactoryBean [restartedMain] Initialized JPA EntityManagerFactory for persistence unit 'default'
2026-02-06 11:45:00,955 [WARN] org.springframework.boot.autoconfigure.orm.jpa.JpaBaseConfiguration$JpaWebConfiguration [restartedMain] spring.jpa.open-in-view is enabled by default. Therefore, database queries may be performed during view rendering. Explicitly configure spring.jpa.open-in-view to disable this warning
2026-02-06 11:45:01,083 [INFO] org.springframework.boot.actuate.endpoint.web.EndpointLinksResolver [restartedMain] Exposing 1 endpoint beneath base path '/actuator'
2026-02-06 11:45:01,102 [INFO] org.springframework.security.config.annotation.authentication.configuration.InitializeUserDetailsBeanManagerConfigurer$InitializeUserDetailsManagerConfigurer [restartedMain] Global AuthenticationManager configured with UserDetailsService bean with name accountService
2026-02-06 11:45:01,147 [WARN] org.springframework.security.config.annotation.web.builders.WebSecurityFilterChainValidator [restartedMain] Usage of authorizeRequests is deprecated. Please use authorizeHttpRequests in the configuration
2026-02-06 11:45:01,147 [WARN] org.springframework.security.config.annotation.web.builders.WebSecurityFilterChainValidator [restartedMain] Usage of authorizeRequests is deprecated. Please use authorizeHttpRequests in the configuration
2026-02-06 11:45:01,149 [WARN] org.springframework.security.config.annotation.web.builders.WebSecurityFilterChainValidator [restartedMain] Usage of authorizeRequests is deprecated. Please use authorizeHttpRequests in the configuration
2026-02-06 11:45:01,151 [WARN] org.springframework.security.config.annotation.web.builders.WebSecurityFilterChainValidator [restartedMain] Usage of authorizeRequests is deprecated. Please use authorizeHttpRequests in the configuration
2026-02-06 11:45:01,255 [INFO] org.springframework.boot.autoconfigure.h2.H2ConsoleAutoConfiguration [restartedMain] H2 console available at '/h2-console'. Database available at 'jdbc:h2:file:./db/blogdb'
2026-02-06 11:45:01,267 [INFO] org.springframework.boot.devtools.autoconfigure.OptionalLiveReloadServer [restartedMain] LiveReload server is running on port 35729
2026-02-06 11:45:01,294 [INFO] org.springframework.boot.web.embedded.tomcat.TomcatWebServer [restartedMain] Tomcat started on port 8080 (http) with context path '/'
2026-02-06 11:45:01,301 [INFO] org.study.SpringStarter.SpringStarterApplication [restartedMain] Started SpringStarterApplication in 1.836 seconds (process running for 2.11)
2026-02-06 11:45:01,921 [INFO] org.apache.catalina.core.ContainerBase.[Tomcat].[localhost].[/] [RMI TCP Connection(4)-127.0.0.1] Initializing Spring DispatcherServlet 'dispatcherServlet'
2026-02-06 11:45:01,921 [INFO] org.springframework.web.servlet.DispatcherServlet [RMI TCP Connection(4)-127.0.0.1] Initializing Servlet 'dispatcherServlet'
2026-02-06 11:45:01,922 [INFO] org.springframework.web.servlet.DispatcherServlet [RMI TCP Connection(4)-127.0.0.1] Completed initialization in 1 ms
2026-02-06 11:45:10,780 [INFO] org.springframework.boot.devtools.autoconfigure.LocalDevToolsAutoConfiguration$RestartingClassPathChangeChangedEventListener [File Watcher] Restarting due to 59 class path changes (0 additions, 0 deletions, 59 modifications)
2026-02-06 11:45:10,787 [INFO] org.springframework.boot.web.embedded.tomcat.GracefulShutdown [Thread-6] Commencing graceful shutdown. Waiting for active requests to complete
2026-02-06 11:45:10,796 [INFO] org.springframework.boot.web.embedded.tomcat.GracefulShutdown [tomcat-shutdown] Graceful shutdown complete
2026-02-06 11:45:10,803 [INFO] org.springframework.orm.jpa.LocalContainerEntityManagerFactoryBean [Thread-6] Closing JPA EntityManagerFactory for persistence unit 'default'
2026-02-06 11:45:10,805 [INFO] com.zaxxer.hikari.HikariDataSource [Thread-6] HikariPool-1 - Shutdown initiated...
2026-02-06 11:45:10,858 [INFO] com.zaxxer.hikari.HikariDataSource [Thread-6] HikariPool-1 - Shutdown completed.
2026-02-06 11:45:10,902 [INFO] org.study.SpringStarter.SpringStarterApplication [restartedMain] Starting SpringStarterApplication using Java 25.0.2 with PID 8697 (/Users/adityagupta/Downloads/D_/dev-spring-boot/Adding template to spring boot/target/classes started by adityagupta in /Users/adityagupta/Downloads/D_/dev-spring-boot/Adding template to spring boot)
2026-02-06 11:45:10,902 [DEBUG] org.study.SpringStarter.SpringStarterApplication [restartedMain] Running with Spring Boot v3.5.4, Spring v6.2.9
2026-02-06 11:45:10,902 [INFO] org.study.SpringStarter.SpringStarterApplication [restartedMain] No active profile set, falling back to 1 default profile: "default"
2026-02-06 11:45:10,982 [INFO] org.springframework.data.repository.config.RepositoryConfigurationDelegate [restartedMain] Bootstrapping Spring Data JPA repositories in DEFAULT mode.
2026-02-06 11:45:10,987 [INFO] org.springframework.data.repository.config.RepositoryConfigurationDelegate [restartedMain] Finished Spring Data repository scanning in 4 ms. Found 3 JPA repository interfaces.
2026-02-06 11:45:11,038 [INFO] org.springframework.boot.web.embedded.tomcat.TomcatWebServer [restartedMain] Tomcat initialized with port 8080 (http)
2026-02-06 11:45:11,038 [INFO] org.apache.catalina.core.StandardService [restartedMain] Starting service [Tomcat]
2026-02-06 11:45:11,038 [INFO] org.apache.catalina.core.StandardEngine [restartedMain] Starting Servlet engine: [Apache Tomcat/10.1.43]
2026-02-06 11:45:11,044 [INFO] org.apache.catalina.core.ContainerBase.[Tomcat].[localhost].[/] [restartedMain] Initializing Spring embedded WebApplicationContext
2026-02-06 11:45:11,044 [INFO] org.springframework.boot.web.servlet.context.ServletWebServerApplicationContext [restartedMain] Root WebApplicationContext: initialization completed in 141 ms
2026-02-06 11:45:11,082 [INFO] org.hibernate.jpa.internal.util.LogHelper [restartedMain] HHH000204: Processing PersistenceUnitInfo [name: default]
2026-02-06 11:45:11,083 [INFO] org.hibernate.cache.internal.RegionFactoryInitiator [restartedMain] HHH000026: Second-level cache disabled
2026-02-06 11:45:11,087 [INFO] org.springframework.orm.jpa.persistenceunit.SpringPersistenceUnitInfo [restartedMain] No LoadTimeWeaver setup: ignoring JPA class transformer
2026-02-06 11:45:11,087 [INFO] com.zaxxer.hikari.HikariDataSource [restartedMain] HikariPool-2 - Starting...
2026-02-06 11:45:11,091 [INFO] com.zaxxer.hikari.pool.HikariPool [restartedMain] HikariPool-2 - Added connection conn10: url=jdbc:h2:file:./db/blogdb user=ADMIN
2026-02-06 11:45:11,091 [INFO] com.zaxxer.hikari.HikariDataSource [restartedMain] HikariPool-2 - Start completed.
2026-02-06 11:45:11,091 [WARN] org.hibernate.orm.deprecation [restartedMain] HHH90000025: H2Dialect does not need to be specified explicitly using 'hibernate.dialect' (remove the property setting and it will be selected by default)
2026-02-06 11:45:11,091 [INFO] org.hibernate.orm.connections.pooling [restartedMain] HHH10001005: Database info:
	Database JDBC URL [Connecting through datasource 'HikariDataSource (HikariPool-2)']
	Database driver: undefined/unknown
	Database version: 2.3.232
	Autocommit mode: undefined/unknown
	Isolation level: undefined/unknown
	Minimum pool size: undefined/unknown
	Maximum pool size: undefined/unknown
2026-02-06 11:45:11,118 [INFO] org.hibernate.engine.transaction.jta.platform.internal.JtaPlatformInitiator [restartedMain] HHH000489: No JTA platform available (set 'hibernate.transaction.jta.platform' to enable JTA platform integration)
2026-02-06 11:45:11,119 [INFO] org.springframework.orm.jpa.LocalContainerEntityManagerFactoryBean [restartedMain] Initialized JPA EntityManagerFactory for persistence unit 'default'
2026-02-06 11:45:11,177 [WARN] org.springframework.boot.autoconfigure.orm.jpa.JpaBaseConfiguration$JpaWebConfiguration [restartedMain] spring.jpa.open-in-view is enabled by default. Therefore, database queries may be performed during view rendering. Explicitly configure spring.jpa.open-in-view to disable this warning
2026-02-06 11:45:11,248 [INFO] org.springframework.boot.actuate.endpoint.web.EndpointLinksResolver [restartedMain] Exposing 1 endpoint beneath base path '/actuator'
2026-02-06 11:45:11,264 [INFO] org.springframework.security.config.annotation.authentication.configuration.InitializeUserDetailsBeanManagerConfigurer$InitializeUserDetailsManagerConfigurer [restartedMain] Global AuthenticationManager configured with UserDetailsService bean with name accountService
2026-02-06 11:45:11,285 [WARN] org.springframework.security.config.annotation.web.builders.WebSecurityFilterChainValidator [restartedMain] Usage of authorizeRequests is deprecated. Please use authorizeHttpRequests in the configuration
2026-02-06 11:45:11,285 [WARN] org.springframework.security.config.annotation.web.builders.WebSecurityFilterChainValidator [restartedMain] Usage of authorizeRequests is deprecated. Please use authorizeHttpRequests in the configuration
2026-02-06 11:45:11,286 [WARN] org.springframework.security.config.annotation.web.builders.WebSecurityFilterChainValidator [restartedMain] Usage of authorizeRequests is deprecated. Please use authorizeHttpRequests in the configuration
2026-02-06 11:45:11,288 [WARN] org.springframework.security.config.annotation.web.builders.WebSecurityFilterChainValidator [restartedMain] Usage of authorizeRequests is deprecated. Please use authorizeHttpRequests in the configuration
2026-02-06 11:45:11,333 [INFO] org.springframework.boot.autoconfigure.h2.H2ConsoleAutoConfiguration [restartedMain] H2 console available at '/h2-console'. Database available at 'jdbc:h2:file:./db/blogdb'
2026-02-06 11:45:11,339 [INFO] org.springframework.boot.devtools.autoconfigure.OptionalLiveReloadServer [restartedMain] LiveReload server is running on port 35729
2026-02-06 11:45:11,346 [INFO] org.springframework.boot.web.embedded.tomcat.TomcatWebServer [restartedMain] Tomcat started on port 8080 (http) with context path '/'
2026-02-06 11:45:11,349 [INFO] org.study.SpringStarter.SpringStarterApplication [restartedMain] Started SpringStarterApplication in 0.459 seconds (process running for 12.158)
2026-02-06 11:45:11,631 [INFO] org.springframework.boot.devtools.autoconfigure.ConditionEvaluationDeltaLoggingListener [restartedMain] Condition evaluation unchanged
2026-02-06 11:45:26,174 [INFO] org.apache.catalina.core.ContainerBase.[Tomcat].[localhost].[/] [http-nio-8080-exec-1] Initializing Spring DispatcherServlet 'dispatcherServlet'
2026-02-06 11:45:26,174 [INFO] org.springframework.web.servlet.DispatcherServlet [http-nio-8080-exec-1] Initializing Servlet 'dispatcherServlet'
2026-02-06 11:45:26,175 [INFO] org.springframework.web.servlet.DispatcherServlet [http-nio-8080-exec-1] Completed initialization in 1 ms
2026-02-06 11:45:26,191 [WARN] org.springframework.web.servlet.PageNotFound [http-nio-8080-exec-1] No mapping for GET /build-info
2026-02-06 11:45:26,193 [WARN] org.springframework.web.servlet.PageNotFound [http-nio-8080-exec-1] No endpoint GET /build-info.
2026-02-06 11:45:26,224 [WARN] org.springframework.web.servlet.PageNotFound [http-nio-8080-exec-2] No mapping for GET /favicon.ico
2026-02-06 11:45:26,224 [WARN] org.springframework.web.servlet.PageNotFound [http-nio-8080-exec-2] No endpoint GET /favicon.ico.
2026-02-06 11:45:29,514 [WARN] org.thymeleaf.standard.processor.AbstractStandardFragmentInsertionTagProcessor [http-nio-8080-exec-3] [THYMELEAF][http-nio-8080-exec-3][home_views/home] Deprecated unwrapped fragment expression "/fragments/head :: head" found in template home_views/home, line 4, col 7. Please use the complete syntax of fragment expressions instead ("~{/fragments/head :: head}"). The old, unwrapped syntax for fragment expressions will be removed in future versions of Thymeleaf.
2026-02-06 11:45:29,545 [WARN] org.thymeleaf.standard.processor.AbstractStandardFragmentInsertionTagProcessor [http-nio-8080-exec-3] [THYMELEAF][http-nio-8080-exec-3][home_views/home] Deprecated unwrapped fragment expression "/fragments/header :: header" found in template home_views/home, line 13, col 13. Please use the complete syntax of fragment expressions instead ("~{/fragments/header :: header}"). The old, unwrapped syntax for fragment expressions will be removed in future versions of Thymeleaf.
2026-02-06 11:45:29,556 [WARN] org.thymeleaf.standard.processor.AbstractStandardFragmentInsertionTagProcessor [http-nio-8080-exec-3] [THYMELEAF][http-nio-8080-exec-3][home_views/home] Deprecated unwrapped fragment expression "/fragments/footer :: footer" found in template home_views/home, line 83, col 11. Please use the complete syntax of fragment expressions instead ("~{/fragments/footer :: footer}"). The old, unwrapped syntax for fragment expressions will be removed in future versions of Thymeleaf.
2026-02-06 11:45:38,669 [WARN] org.thymeleaf.standard.processor.AbstractStandardFragmentInsertionTagProcessor [http-nio-8080-exec-4] [THYMELEAF][http-nio-8080-exec-4][home_views/home] Deprecated unwrapped fragment expression "/fragments/head :: head" found in template home_views/home, line 4, col 7. Please use the complete syntax of fragment expressions instead ("~{/fragments/head :: head}"). The old, unwrapped syntax for fragment expressions will be removed in future versions of Thymeleaf.
2026-02-06 11:45:38,671 [WARN] org.thymeleaf.standard.processor.AbstractStandardFragmentInsertionTagProcessor [http-nio-8080-exec-4] [THYMELEAF][http-nio-8080-exec-4][home_views/home] Deprecated unwrapped fragment expression "/fragments/header :: header" found in template home_views/home, line 13, col 13. Please use the complete syntax of fragment expressions instead ("~{/fragments/header :: header}"). The old, unwrapped syntax for fragment expressions will be removed in future versions of Thymeleaf.
2026-02-06 11:45:38,678 [WARN] org.thymeleaf.standard.processor.AbstractStandardFragmentInsertionTagProcessor [http-nio-8080-exec-4] [THYMELEAF][http-nio-8080-exec-4][home_views/home] Deprecated unwrapped fragment expression "/fragments/footer :: footer" found in template home_views/home, line 83, col 11. Please use the complete syntax of fragment expressions instead ("~{/fragments/footer :: footer}"). The old, unwrapped syntax for fragment expressions will be removed in future versions of Thymeleaf.
2026-02-06 11:45:39,535 [WARN] org.thymeleaf.standard.processor.AbstractStandardFragmentInsertionTagProcessor [http-nio-8080-exec-4] [THYMELEAF][http-nio-8080-exec-4][home_views/home] Deprecated unwrapped fragment expression "/fragments/head :: head" found in template home_views/home, line 4, col 7. Please use the complete syntax of fragment expressions instead ("~{/fragments/head :: head}"). The old, unwrapped syntax for fragment expressions will be removed in future versions of Thymeleaf.
2026-02-06 11:45:39,537 [WARN] org.thymeleaf.standard.processor.AbstractStandardFragmentInsertionTagProcessor [http-nio-8080-exec-4] [THYMELEAF][http-nio-8080-exec-4][home_views/home] Deprecated unwrapped fragment expression "/fragments/header :: header" found in template home_views/home, line 13, col 13. Please use the complete syntax of fragment expressions instead ("~{/fragments/header :: header}"). The old, unwrapped syntax for fragment expressions will be removed in future versions of Thymeleaf.
2026-02-06 11:45:39,542 [WARN] org.thymeleaf.standard.processor.AbstractStandardFragmentInsertionTagProcessor [http-nio-8080-exec-4] [THYMELEAF][http-nio-8080-exec-4][home_views/home] Deprecated unwrapped fragment expression "/fragments/footer :: footer" found in template home_views/home, line 83, col 11. Please use the complete syntax of fragment expressions instead ("~{/fragments/footer :: footer}"). The old, unwrapped syntax for fragment expressions will be removed in future versions of Thymeleaf.
2026-02-06 11:45:40,166 [WARN] org.thymeleaf.standard.processor.AbstractStandardFragmentInsertionTagProcessor [http-nio-8080-exec-4] [THYMELEAF][http-nio-8080-exec-4][account_views/register] Deprecated unwrapped fragment expression "/fragments/head :: head" found in template account_views/register, line 4, col 7. Please use the complete syntax of fragment expressions instead ("~{/fragments/head :: head}"). The old, unwrapped syntax for fragment expressions will be removed in future versions of Thymeleaf.
2026-02-06 11:45:40,167 [WARN] org.thymeleaf.standard.processor.AbstractStandardFragmentInsertionTagProcessor [http-nio-8080-exec-4] [THYMELEAF][http-nio-8080-exec-4][account_views/register] Deprecated unwrapped fragment expression "/fragments/header :: header" found in template account_views/register, line 13, col 17. Please use the complete syntax of fragment expressions instead ("~{/fragments/header :: header}"). The old, unwrapped syntax for fragment expressions will be removed in future versions of Thymeleaf.
2026-02-06 11:45:40,181 [WARN] org.thymeleaf.standard.processor.AbstractStandardFragmentInsertionTagProcessor [http-nio-8080-exec-4] [THYMELEAF][http-nio-8080-exec-4][account_views/register] Deprecated unwrapped fragment expression "/fragments/footer :: footer" found in template account_views/register, line 89, col 13. Please use the complete syntax of fragment expressions instead ("~{/fragments/footer :: footer}"). The old, unwrapped syntax for fragment expressions will be removed in future versions of Thymeleaf.
2026-02-06 11:46:11,647 [WARN] org.thymeleaf.standard.processor.AbstractStandardFragmentInsertionTagProcessor [http-nio-8080-exec-3] [THYMELEAF][http-nio-8080-exec-3][account_views/login] Deprecated unwrapped fragment expression "/fragments/head :: head" found in template account_views/login, line 4, col 7. Please use the complete syntax of fragment expressions instead ("~{/fragments/head :: head}"). The old, unwrapped syntax for fragment expressions will be removed in future versions of Thymeleaf.
2026-02-06 11:46:11,649 [WARN] org.thymeleaf.standard.processor.AbstractStandardFragmentInsertionTagProcessor [http-nio-8080-exec-3] [THYMELEAF][http-nio-8080-exec-3][account_views/login] Deprecated unwrapped fragment expression "/fragments/header :: header" found in template account_views/login, line 13, col 17. Please use the complete syntax of fragment expressions instead ("~{/fragments/header :: header}"). The old, unwrapped syntax for fragment expressions will be removed in future versions of Thymeleaf.
2026-02-06 11:46:11,651 [WARN] org.thymeleaf.standard.processor.AbstractStandardFragmentInsertionTagProcessor [http-nio-8080-exec-3] [THYMELEAF][http-nio-8080-exec-3][account_views/login] Deprecated unwrapped fragment expression "/fragments/footer :: footer" found in template account_views/login, line 61, col 13. Please use the complete syntax of fragment expressions instead ("~{/fragments/footer :: footer}"). The old, unwrapped syntax for fragment expressions will be removed in future versions of Thymeleaf.
2026-02-06 11:46:18,855 [WARN] org.thymeleaf.standard.processor.AbstractStandardFragmentInsertionTagProcessor [http-nio-8080-exec-6] [THYMELEAF][http-nio-8080-exec-6][account_views/login] Deprecated unwrapped fragment expression "/fragments/head :: head" found in template account_views/login, line 4, col 7. Please use the complete syntax of fragment expressions instead ("~{/fragments/head :: head}"). The old, unwrapped syntax for fragment expressions will be removed in future versions of Thymeleaf.
2026-02-06 11:46:18,856 [WARN] org.thymeleaf.standard.processor.AbstractStandardFragmentInsertionTagProcessor [http-nio-8080-exec-6] [THYMELEAF][http-nio-8080-exec-6][account_views/login] Deprecated unwrapped fragment expression "/fragments/header :: header" found in template account_views/login, line 13, col 17. Please use the complete syntax of fragment expressions instead ("~{/fragments/header :: header}"). The old, unwrapped syntax for fragment expressions will be removed in future versions of Thymeleaf.
2026-02-06 11:46:18,856 [WARN] org.thymeleaf.standard.processor.AbstractStandardFragmentInsertionTagProcessor [http-nio-8080-exec-6] [THYMELEAF][http-nio-8080-exec-6][account_views/login] Deprecated unwrapped fragment expression "/fragments/footer :: footer" found in template account_views/login, line 61, col 13. Please use the complete syntax of fragment expressions instead ("~{/fragments/footer :: footer}"). The old, unwrapped syntax for fragment expressions will be removed in future versions of Thymeleaf.
2026-02-06 11:47:35,350 [INFO] org.springframework.boot.devtools.autoconfigure.LocalDevToolsAutoConfiguration$RestartingClassPathChangeChangedEventListener [File Watcher] Restarting due to 59 class path changes (0 additions, 59 deletions, 0 modifications)
2026-02-06 11:47:35,352 [INFO] org.springframework.boot.web.embedded.tomcat.GracefulShutdown [Thread-8] Commencing graceful shutdown. Waiting for active requests to complete
2026-02-06 11:47:35,354 [INFO] org.springframework.boot.web.embedded.tomcat.GracefulShutdown [tomcat-shutdown] Graceful shutdown complete
2026-02-06 11:47:35,358 [INFO] org.springframework.orm.jpa.LocalContainerEntityManagerFactoryBean [Thread-8] Closing JPA EntityManagerFactory for persistence unit 'default'
2026-02-06 11:47:35,359 [INFO] com.zaxxer.hikari.HikariDataSource [Thread-8] HikariPool-2 - Shutdown initiated...
2026-02-06 11:47:35,472 [INFO] com.zaxxer.hikari.HikariDataSource [Thread-8] HikariPool-2 - Shutdown completed.
